<?xml version="1.0" encoding="UTF-8"?>
<testsuite name="dev.yoon.board.service.PostServiceImplTest" tests="1" skipped="0" failures="0" errors="0" timestamp="2022-02-18T10:52:02" hostname="LAPTOP-4ELP9PE2" time="0.538">
  <properties/>
  <testcase name="PostServiceImplTest()" classname="dev.yoon.board.service.PostServiceImplTest" time="0.538"/>
  <system-out><![CDATA[19:51:50.471 [Test worker] DEBUG org.springframework.test.context.BootstrapUtils - Instantiating CacheAwareContextLoaderDelegate from class [org.springframework.test.context.cache.DefaultCacheAwareContextLoaderDelegate]
19:51:50.502 [Test worker] DEBUG org.springframework.test.context.BootstrapUtils - Instantiating BootstrapContext using constructor [public org.springframework.test.context.support.DefaultBootstrapContext(java.lang.Class,org.springframework.test.context.CacheAwareContextLoaderDelegate)]
19:51:50.585 [Test worker] DEBUG org.springframework.test.context.BootstrapUtils - Instantiating TestContextBootstrapper for test class [dev.yoon.board.service.PostServiceImplTest] from class [org.springframework.boot.test.context.SpringBootTestContextBootstrapper]
19:51:50.624 [Test worker] INFO org.springframework.boot.test.context.SpringBootTestContextBootstrapper - Neither @ContextConfiguration nor @ContextHierarchy found for test class [dev.yoon.board.service.PostServiceImplTest], using SpringBootContextLoader
19:51:50.639 [Test worker] DEBUG org.springframework.test.context.support.AbstractContextLoader - Did not detect default resource location for test class [dev.yoon.board.service.PostServiceImplTest]: class path resource [dev/yoon/board/service/PostServiceImplTest-context.xml] does not exist
19:51:50.641 [Test worker] DEBUG org.springframework.test.context.support.AbstractContextLoader - Did not detect default resource location for test class [dev.yoon.board.service.PostServiceImplTest]: class path resource [dev/yoon/board/service/PostServiceImplTestContext.groovy] does not exist
19:51:50.641 [Test worker] INFO org.springframework.test.context.support.AbstractContextLoader - Could not detect default resource locations for test class [dev.yoon.board.service.PostServiceImplTest]: no resource found for suffixes {-context.xml, Context.groovy}.
19:51:50.643 [Test worker] INFO org.springframework.test.context.support.AnnotationConfigContextLoaderUtils - Could not detect default configuration classes for test class [dev.yoon.board.service.PostServiceImplTest]: PostServiceImplTest does not declare any static, non-private, non-final, nested classes annotated with @Configuration.
19:51:50.753 [Test worker] DEBUG org.springframework.test.context.support.ActiveProfilesUtils - Could not find an 'annotation declaring class' for annotation type [org.springframework.test.context.ActiveProfiles] and class [dev.yoon.board.service.PostServiceImplTest]
19:51:50.902 [Test worker] DEBUG org.springframework.context.annotation.ClassPathScanningCandidateComponentProvider - Identified candidate component class: file [C:\Users\82106\study\Board\build\classes\java\main\dev\yoon\board\BoardApplication.class]
19:51:50.905 [Test worker] INFO org.springframework.boot.test.context.SpringBootTestContextBootstrapper - Found @SpringBootConfiguration dev.yoon.board.BoardApplication for test class dev.yoon.board.service.PostServiceImplTest
19:51:51.164 [Test worker] DEBUG org.springframework.boot.test.context.SpringBootTestContextBootstrapper - @TestExecutionListeners is not present for class [dev.yoon.board.service.PostServiceImplTest]: using defaults.
19:51:51.165 [Test worker] INFO org.springframework.boot.test.context.SpringBootTestContextBootstrapper - Loaded default TestExecutionListener class names from location [META-INF/spring.factories]: [org.springframework.boot.test.autoconfigure.restdocs.RestDocsTestExecutionListener, org.springframework.boot.test.autoconfigure.web.client.MockRestServiceServerResetTestExecutionListener, org.springframework.boot.test.autoconfigure.web.servlet.MockMvcPrintOnlyOnFailureTestExecutionListener, org.springframework.boot.test.autoconfigure.web.servlet.WebDriverTestExecutionListener, org.springframework.boot.test.autoconfigure.webservices.client.MockWebServiceServerTestExecutionListener, org.springframework.boot.test.mock.mockito.MockitoTestExecutionListener, org.springframework.boot.test.mock.mockito.ResetMocksTestExecutionListener, org.springframework.test.context.web.ServletTestExecutionListener, org.springframework.test.context.support.DirtiesContextBeforeModesTestExecutionListener, org.springframework.test.context.event.ApplicationEventsTestExecutionListener, org.springframework.test.context.support.DependencyInjectionTestExecutionListener, org.springframework.test.context.support.DirtiesContextTestExecutionListener, org.springframework.test.context.transaction.TransactionalTestExecutionListener, org.springframework.test.context.jdbc.SqlScriptsTestExecutionListener, org.springframework.test.context.event.EventPublishingTestExecutionListener]
19:51:51.220 [Test worker] INFO org.springframework.boot.test.context.SpringBootTestContextBootstrapper - Using TestExecutionListeners: [org.springframework.test.context.web.ServletTestExecutionListener@5af5def9, org.springframework.test.context.support.DirtiesContextBeforeModesTestExecutionListener@3a45c42a, org.springframework.test.context.event.ApplicationEventsTestExecutionListener@36dce7ed, org.springframework.boot.test.mock.mockito.MockitoTestExecutionListener@47a64f7d, org.springframework.boot.test.autoconfigure.SpringBootDependencyInjectionTestExecutionListener@33d05366, org.springframework.test.context.support.DirtiesContextTestExecutionListener@27a0a5a2, org.springframework.test.context.transaction.TransactionalTestExecutionListener@7692cd34, org.springframework.test.context.jdbc.SqlScriptsTestExecutionListener@33aa93c, org.springframework.test.context.event.EventPublishingTestExecutionListener@32c0915e, org.springframework.boot.test.autoconfigure.restdocs.RestDocsTestExecutionListener@106faf11, org.springframework.boot.test.autoconfigure.web.client.MockRestServiceServerResetTestExecutionListener@70f43b45, org.springframework.boot.test.autoconfigure.web.servlet.MockMvcPrintOnlyOnFailureTestExecutionListener@26d10f2e, org.springframework.boot.test.autoconfigure.web.servlet.WebDriverTestExecutionListener@10ad20cb, org.springframework.boot.test.autoconfigure.webservices.client.MockWebServiceServerTestExecutionListener@7dd712e8, org.springframework.boot.test.mock.mockito.ResetMocksTestExecutionListener@2c282004]
19:51:51.229 [Test worker] DEBUG org.springframework.test.context.support.AbstractDirtiesContextTestExecutionListener - Before test class: context [DefaultTestContext@3f3c966c testClass = PostServiceImplTest, testInstance = [null], testMethod = [null], testException = [null], mergedContextConfiguration = [WebMergedContextConfiguration@11ee02f8 testClass = PostServiceImplTest, locations = '{}', classes = '{class dev.yoon.board.BoardApplication}', contextInitializerClasses = '[]', activeProfiles = '{}', propertySourceLocations = '{}', propertySourceProperties = '{org.springframework.boot.test.context.SpringBootTestContextBootstrapper=true}', contextCustomizers = set[org.springframework.boot.test.autoconfigure.actuate.metrics.MetricsExportContextCustomizerFactory$DisableMetricExportContextCustomizer@75e91545, org.springframework.boot.test.autoconfigure.properties.PropertyMappingContextCustomizer@0, org.springframework.boot.test.autoconfigure.web.servlet.WebDriverContextCustomizerFactory$Customizer@41813449, org.springframework.boot.test.context.filter.ExcludeFilterContextCustomizer@5b07730f, org.springframework.boot.test.json.DuplicateJsonObjectContextCustomizerFactory$DuplicateJsonObjectContextCustomizer@dcfda20, org.springframework.boot.test.mock.mockito.MockitoContextCustomizer@0, org.springframework.boot.test.web.client.TestRestTemplateContextCustomizer@5bfa8cc5, org.springframework.boot.test.context.SpringBootTestArgs@1, org.springframework.boot.test.context.SpringBootTestWebEnvironment@189cbd7c], resourceBasePath = 'src/main/webapp', contextLoader = 'org.springframework.boot.test.context.SpringBootContextLoader', parent = [null]], attributes = map['org.springframework.test.context.web.ServletTestExecutionListener.activateListener' -> true]], class annotated with @DirtiesContext [false] with mode [null].

  .   ____          _            __ _ _
 /\\ / ___'_ __ _ _(_)_ __  __ _ \ \ \ \
( ( )\___ | '_ | '_| | '_ \/ _` | \ \ \ \
 \\/  ___)| |_)| | | | | || (_| |  ) ) ) )
  '  |____| .__|_| |_|_| |_\__, | / / / /
 =========|_|==============|___/=/_/_/_/
 :: Spring Boot ::                (v2.6.3)

2022-02-18 19:51:53.642  INFO 13040 --- [    Test worker] d.y.board.service.PostServiceImplTest    : Starting PostServiceImplTest using Java 11 on LAPTOP-4ELP9PE2 with PID 13040 (started by 82106 in C:\Users\82106\study\Board)
2022-02-18 19:51:53.645  INFO 13040 --- [    Test worker] d.y.board.service.PostServiceImplTest    : No active profile set, falling back to default profiles: default
2022-02-18 19:51:55.559  INFO 13040 --- [    Test worker] .s.d.r.c.RepositoryConfigurationDelegate : Bootstrapping Spring Data JPA repositories in DEFAULT mode.
2022-02-18 19:51:55.597  INFO 13040 --- [    Test worker] .s.d.r.c.RepositoryConfigurationDelegate : Finished Spring Data repository scanning in 19 ms. Found 0 JPA repository interfaces.
2022-02-18 19:51:57.233  INFO 13040 --- [    Test worker] o.hibernate.jpa.internal.util.LogHelper  : HHH000204: Processing PersistenceUnitInfo [name: default]
2022-02-18 19:51:57.398  INFO 13040 --- [    Test worker] org.hibernate.Version                    : HHH000412: Hibernate ORM core version 5.6.4.Final
2022-02-18 19:51:57.805  INFO 13040 --- [    Test worker] o.hibernate.annotations.common.Version   : HCANN000001: Hibernate Commons Annotations {5.1.2.Final}
2022-02-18 19:51:57.906 DEBUG 13040 --- [    Test worker] org.hibernate.type.BasicTypeRegistry     : Adding type registration boolean -> org.hibernate.type.BooleanType@4586a8aa
2022-02-18 19:51:57.906 DEBUG 13040 --- [    Test worker] org.hibernate.type.BasicTypeRegistry     : Adding type registration boolean -> org.hibernate.type.BooleanType@4586a8aa
2022-02-18 19:51:57.907 DEBUG 13040 --- [    Test worker] org.hibernate.type.BasicTypeRegistry     : Adding type registration java.lang.Boolean -> org.hibernate.type.BooleanType@4586a8aa
2022-02-18 19:51:57.909 DEBUG 13040 --- [    Test worker] org.hibernate.type.BasicTypeRegistry     : Adding type registration numeric_boolean -> org.hibernate.type.NumericBooleanType@782ac148
2022-02-18 19:51:57.910 DEBUG 13040 --- [    Test worker] org.hibernate.type.BasicTypeRegistry     : Adding type registration true_false -> org.hibernate.type.TrueFalseType@85ab964
2022-02-18 19:51:57.912 DEBUG 13040 --- [    Test worker] org.hibernate.type.BasicTypeRegistry     : Adding type registration yes_no -> org.hibernate.type.YesNoType@49cb5030
2022-02-18 19:51:57.915 DEBUG 13040 --- [    Test worker] org.hibernate.type.BasicTypeRegistry     : Adding type registration byte -> org.hibernate.type.ByteType@2c34402
2022-02-18 19:51:57.916 DEBUG 13040 --- [    Test worker] org.hibernate.type.BasicTypeRegistry     : Adding type registration byte -> org.hibernate.type.ByteType@2c34402
2022-02-18 19:51:57.916 DEBUG 13040 --- [    Test worker] org.hibernate.type.BasicTypeRegistry     : Adding type registration java.lang.Byte -> org.hibernate.type.ByteType@2c34402
2022-02-18 19:51:57.920 DEBUG 13040 --- [    Test worker] org.hibernate.type.BasicTypeRegistry     : Adding type registration character -> org.hibernate.type.CharacterType@7d88fa9c
2022-02-18 19:51:57.920 DEBUG 13040 --- [    Test worker] org.hibernate.type.BasicTypeRegistry     : Adding type registration char -> org.hibernate.type.CharacterType@7d88fa9c
2022-02-18 19:51:57.920 DEBUG 13040 --- [    Test worker] org.hibernate.type.BasicTypeRegistry     : Adding type registration java.lang.Character -> org.hibernate.type.CharacterType@7d88fa9c
2022-02-18 19:51:57.923 DEBUG 13040 --- [    Test worker] org.hibernate.type.BasicTypeRegistry     : Adding type registration short -> org.hibernate.type.ShortType@64fdcf99
2022-02-18 19:51:57.924 DEBUG 13040 --- [    Test worker] org.hibernate.type.BasicTypeRegistry     : Adding type registration short -> org.hibernate.type.ShortType@64fdcf99
2022-02-18 19:51:57.924 DEBUG 13040 --- [    Test worker] org.hibernate.type.BasicTypeRegistry     : Adding type registration java.lang.Short -> org.hibernate.type.ShortType@64fdcf99
2022-02-18 19:51:57.927 DEBUG 13040 --- [    Test worker] org.hibernate.type.BasicTypeRegistry     : Adding type registration integer -> org.hibernate.type.IntegerType@786a3477
2022-02-18 19:51:57.928 DEBUG 13040 --- [    Test worker] org.hibernate.type.BasicTypeRegistry     : Adding type registration int -> org.hibernate.type.IntegerType@786a3477
2022-02-18 19:51:57.928 DEBUG 13040 --- [    Test worker] org.hibernate.type.BasicTypeRegistry     : Adding type registration java.lang.Integer -> org.hibernate.type.IntegerType@786a3477
2022-02-18 19:51:57.932 DEBUG 13040 --- [    Test worker] org.hibernate.type.BasicTypeRegistry     : Adding type registration long -> org.hibernate.type.LongType@667797f
2022-02-18 19:51:57.932 DEBUG 13040 --- [    Test worker] org.hibernate.type.BasicTypeRegistry     : Adding type registration long -> org.hibernate.type.LongType@667797f
2022-02-18 19:51:57.933 DEBUG 13040 --- [    Test worker] org.hibernate.type.BasicTypeRegistry     : Adding type registration java.lang.Long -> org.hibernate.type.LongType@667797f
2022-02-18 19:51:57.936 DEBUG 13040 --- [    Test worker] org.hibernate.type.BasicTypeRegistry     : Adding type registration float -> org.hibernate.type.FloatType@4536a715
2022-02-18 19:51:57.937 DEBUG 13040 --- [    Test worker] org.hibernate.type.BasicTypeRegistry     : Adding type registration float -> org.hibernate.type.FloatType@4536a715
2022-02-18 19:51:57.937 DEBUG 13040 --- [    Test worker] org.hibernate.type.BasicTypeRegistry     : Adding type registration java.lang.Float -> org.hibernate.type.FloatType@4536a715
2022-02-18 19:51:57.940 DEBUG 13040 --- [    Test worker] org.hibernate.type.BasicTypeRegistry     : Adding type registration double -> org.hibernate.type.DoubleType@17b6ad97
2022-02-18 19:51:57.940 DEBUG 13040 --- [    Test worker] org.hibernate.type.BasicTypeRegistry     : Adding type registration double -> org.hibernate.type.DoubleType@17b6ad97
2022-02-18 19:51:57.941 DEBUG 13040 --- [    Test worker] org.hibernate.type.BasicTypeRegistry     : Adding type registration java.lang.Double -> org.hibernate.type.DoubleType@17b6ad97
2022-02-18 19:51:57.943 DEBUG 13040 --- [    Test worker] org.hibernate.type.BasicTypeRegistry     : Adding type registration big_decimal -> org.hibernate.type.BigDecimalType@32dcfeea
2022-02-18 19:51:57.943 DEBUG 13040 --- [    Test worker] org.hibernate.type.BasicTypeRegistry     : Adding type registration java.math.BigDecimal -> org.hibernate.type.BigDecimalType@32dcfeea
2022-02-18 19:51:57.946 DEBUG 13040 --- [    Test worker] org.hibernate.type.BasicTypeRegistry     : Adding type registration big_integer -> org.hibernate.type.BigIntegerType@113eed88
2022-02-18 19:51:57.947 DEBUG 13040 --- [    Test worker] org.hibernate.type.BasicTypeRegistry     : Adding type registration java.math.BigInteger -> org.hibernate.type.BigIntegerType@113eed88
2022-02-18 19:51:57.950 DEBUG 13040 --- [    Test worker] org.hibernate.type.BasicTypeRegistry     : Adding type registration string -> org.hibernate.type.StringType@71e2c6d8
2022-02-18 19:51:57.951 DEBUG 13040 --- [    Test worker] org.hibernate.type.BasicTypeRegistry     : Adding type registration java.lang.String -> org.hibernate.type.StringType@71e2c6d8
2022-02-18 19:51:57.952 DEBUG 13040 --- [    Test worker] org.hibernate.type.BasicTypeRegistry     : Adding type registration nstring -> org.hibernate.type.StringNVarcharType@106cd9c8
2022-02-18 19:51:57.954 DEBUG 13040 --- [    Test worker] org.hibernate.type.BasicTypeRegistry     : Adding type registration ncharacter -> org.hibernate.type.CharacterNCharType@11abd6c
2022-02-18 19:51:57.956 DEBUG 13040 --- [    Test worker] org.hibernate.type.BasicTypeRegistry     : Adding type registration url -> org.hibernate.type.UrlType@236861da
2022-02-18 19:51:57.957 DEBUG 13040 --- [    Test worker] org.hibernate.type.BasicTypeRegistry     : Adding type registration java.net.URL -> org.hibernate.type.UrlType@236861da
2022-02-18 19:51:57.959 DEBUG 13040 --- [    Test worker] org.hibernate.type.BasicTypeRegistry     : Adding type registration Duration -> org.hibernate.type.DurationType@3ba3f40d
2022-02-18 19:51:57.959 DEBUG 13040 --- [    Test worker] org.hibernate.type.BasicTypeRegistry     : Adding type registration java.time.Duration -> org.hibernate.type.DurationType@3ba3f40d
2022-02-18 19:51:57.963 DEBUG 13040 --- [    Test worker] org.hibernate.type.BasicTypeRegistry     : Adding type registration Instant -> org.hibernate.type.InstantType@547aaa32
2022-02-18 19:51:57.963 DEBUG 13040 --- [    Test worker] org.hibernate.type.BasicTypeRegistry     : Adding type registration java.time.Instant -> org.hibernate.type.InstantType@547aaa32
2022-02-18 19:51:57.966 DEBUG 13040 --- [    Test worker] org.hibernate.type.BasicTypeRegistry     : Adding type registration LocalDateTime -> org.hibernate.type.LocalDateTimeType@65e4cb84
2022-02-18 19:51:57.967 DEBUG 13040 --- [    Test worker] org.hibernate.type.BasicTypeRegistry     : Adding type registration java.time.LocalDateTime -> org.hibernate.type.LocalDateTimeType@65e4cb84
2022-02-18 19:51:57.969 DEBUG 13040 --- [    Test worker] org.hibernate.type.BasicTypeRegistry     : Adding type registration LocalDate -> org.hibernate.type.LocalDateType@b55f5b7
2022-02-18 19:51:57.970 DEBUG 13040 --- [    Test worker] org.hibernate.type.BasicTypeRegistry     : Adding type registration java.time.LocalDate -> org.hibernate.type.LocalDateType@b55f5b7
2022-02-18 19:51:57.972 DEBUG 13040 --- [    Test worker] org.hibernate.type.BasicTypeRegistry     : Adding type registration LocalTime -> org.hibernate.type.LocalTimeType@1426370c
2022-02-18 19:51:57.973 DEBUG 13040 --- [    Test worker] org.hibernate.type.BasicTypeRegistry     : Adding type registration java.time.LocalTime -> org.hibernate.type.LocalTimeType@1426370c
2022-02-18 19:51:57.976 DEBUG 13040 --- [    Test worker] org.hibernate.type.BasicTypeRegistry     : Adding type registration OffsetDateTime -> org.hibernate.type.OffsetDateTimeType@75527e36
2022-02-18 19:51:57.976 DEBUG 13040 --- [    Test worker] org.hibernate.type.BasicTypeRegistry     : Adding type registration java.time.OffsetDateTime -> org.hibernate.type.OffsetDateTimeType@75527e36
2022-02-18 19:51:57.980 DEBUG 13040 --- [    Test worker] org.hibernate.type.BasicTypeRegistry     : Adding type registration OffsetTime -> org.hibernate.type.OffsetTimeType@40016ce1
2022-02-18 19:51:57.980 DEBUG 13040 --- [    Test worker] org.hibernate.type.BasicTypeRegistry     : Adding type registration java.time.OffsetTime -> org.hibernate.type.OffsetTimeType@40016ce1
2022-02-18 19:51:57.985 DEBUG 13040 --- [    Test worker] org.hibernate.type.BasicTypeRegistry     : Adding type registration ZonedDateTime -> org.hibernate.type.ZonedDateTimeType@1322b575
2022-02-18 19:51:57.985 DEBUG 13040 --- [    Test worker] org.hibernate.type.BasicTypeRegistry     : Adding type registration java.time.ZonedDateTime -> org.hibernate.type.ZonedDateTimeType@1322b575
2022-02-18 19:51:57.989 DEBUG 13040 --- [    Test worker] org.hibernate.type.BasicTypeRegistry     : Adding type registration date -> org.hibernate.type.DateType@677cc4e8
2022-02-18 19:51:57.989 DEBUG 13040 --- [    Test worker] org.hibernate.type.BasicTypeRegistry     : Adding type registration java.sql.Date -> org.hibernate.type.DateType@677cc4e8
2022-02-18 19:51:57.994 DEBUG 13040 --- [    Test worker] org.hibernate.type.BasicTypeRegistry     : Adding type registration time -> org.hibernate.type.TimeType@6a6d1ff3
2022-02-18 19:51:57.994 DEBUG 13040 --- [    Test worker] org.hibernate.type.BasicTypeRegistry     : Adding type registration java.sql.Time -> org.hibernate.type.TimeType@6a6d1ff3
2022-02-18 19:51:57.997 DEBUG 13040 --- [    Test worker] org.hibernate.type.BasicTypeRegistry     : Adding type registration timestamp -> org.hibernate.type.TimestampType@68e24e7
2022-02-18 19:51:57.997 DEBUG 13040 --- [    Test worker] org.hibernate.type.BasicTypeRegistry     : Adding type registration java.sql.Timestamp -> org.hibernate.type.TimestampType@68e24e7
2022-02-18 19:51:57.998 DEBUG 13040 --- [    Test worker] org.hibernate.type.BasicTypeRegistry     : Adding type registration java.util.Date -> org.hibernate.type.TimestampType@68e24e7
2022-02-18 19:51:58.003 DEBUG 13040 --- [    Test worker] org.hibernate.type.BasicTypeRegistry     : Adding type registration dbtimestamp -> org.hibernate.type.DbTimestampType@211a9647
2022-02-18 19:51:58.006 DEBUG 13040 --- [    Test worker] org.hibernate.type.BasicTypeRegistry     : Adding type registration calendar -> org.hibernate.type.CalendarType@11148dc2
2022-02-18 19:51:58.006 DEBUG 13040 --- [    Test worker] org.hibernate.type.BasicTypeRegistry     : Adding type registration java.util.Calendar -> org.hibernate.type.CalendarType@11148dc2
2022-02-18 19:51:58.006 DEBUG 13040 --- [    Test worker] org.hibernate.type.BasicTypeRegistry     : Adding type registration java.util.GregorianCalendar -> org.hibernate.type.CalendarType@11148dc2
2022-02-18 19:51:58.009 DEBUG 13040 --- [    Test worker] org.hibernate.type.BasicTypeRegistry     : Adding type registration calendar_date -> org.hibernate.type.CalendarDateType@5112b7
2022-02-18 19:51:58.012 DEBUG 13040 --- [    Test worker] org.hibernate.type.BasicTypeRegistry     : Adding type registration calendar_time -> org.hibernate.type.CalendarTimeType@19dac2d6
2022-02-18 19:51:58.014 DEBUG 13040 --- [    Test worker] org.hibernate.type.BasicTypeRegistry     : Adding type registration locale -> org.hibernate.type.LocaleType@7f93f4c
2022-02-18 19:51:58.015 DEBUG 13040 --- [    Test worker] org.hibernate.type.BasicTypeRegistry     : Adding type registration java.util.Locale -> org.hibernate.type.LocaleType@7f93f4c
2022-02-18 19:51:58.018 DEBUG 13040 --- [    Test worker] org.hibernate.type.BasicTypeRegistry     : Adding type registration currency -> org.hibernate.type.CurrencyType@22c8ee48
2022-02-18 19:51:58.018 DEBUG 13040 --- [    Test worker] org.hibernate.type.BasicTypeRegistry     : Adding type registration java.util.Currency -> org.hibernate.type.CurrencyType@22c8ee48
2022-02-18 19:51:58.021 DEBUG 13040 --- [    Test worker] org.hibernate.type.BasicTypeRegistry     : Adding type registration timezone -> org.hibernate.type.TimeZoneType@6e5f5478
2022-02-18 19:51:58.022 DEBUG 13040 --- [    Test worker] org.hibernate.type.BasicTypeRegistry     : Adding type registration java.util.TimeZone -> org.hibernate.type.TimeZoneType@6e5f5478
2022-02-18 19:51:58.024 DEBUG 13040 --- [    Test worker] org.hibernate.type.BasicTypeRegistry     : Adding type registration class -> org.hibernate.type.ClassType@2b7774d5
2022-02-18 19:51:58.025 DEBUG 13040 --- [    Test worker] org.hibernate.type.BasicTypeRegistry     : Adding type registration java.lang.Class -> org.hibernate.type.ClassType@2b7774d5
2022-02-18 19:51:58.028 DEBUG 13040 --- [    Test worker] org.hibernate.type.BasicTypeRegistry     : Adding type registration uuid-binary -> org.hibernate.type.UUIDBinaryType@21090c88
2022-02-18 19:51:58.028 DEBUG 13040 --- [    Test worker] org.hibernate.type.BasicTypeRegistry     : Adding type registration java.util.UUID -> org.hibernate.type.UUIDBinaryType@21090c88
2022-02-18 19:51:58.029 DEBUG 13040 --- [    Test worker] org.hibernate.type.BasicTypeRegistry     : Adding type registration uuid-char -> org.hibernate.type.UUIDCharType@1999149e
2022-02-18 19:51:58.032 DEBUG 13040 --- [    Test worker] org.hibernate.type.BasicTypeRegistry     : Adding type registration binary -> org.hibernate.type.BinaryType@59b447a4
2022-02-18 19:51:58.032 DEBUG 13040 --- [    Test worker] org.hibernate.type.BasicTypeRegistry     : Adding type registration byte[] -> org.hibernate.type.BinaryType@59b447a4
2022-02-18 19:51:58.032 DEBUG 13040 --- [    Test worker] org.hibernate.type.BasicTypeRegistry     : Adding type registration [B -> org.hibernate.type.BinaryType@59b447a4
2022-02-18 19:51:58.034 DEBUG 13040 --- [    Test worker] org.hibernate.type.BasicTypeRegistry     : Adding type registration wrapper-binary -> org.hibernate.type.WrapperBinaryType@45d7495e
2022-02-18 19:51:58.035 DEBUG 13040 --- [    Test worker] org.hibernate.type.BasicTypeRegistry     : Adding type registration Byte[] -> org.hibernate.type.WrapperBinaryType@45d7495e
2022-02-18 19:51:58.035 DEBUG 13040 --- [    Test worker] org.hibernate.type.BasicTypeRegistry     : Adding type registration [Ljava.lang.Byte; -> org.hibernate.type.WrapperBinaryType@45d7495e
2022-02-18 19:51:58.038 DEBUG 13040 --- [    Test worker] org.hibernate.type.BasicTypeRegistry     : Adding type registration row_version -> org.hibernate.type.RowVersionType@63187d63
2022-02-18 19:51:58.046 DEBUG 13040 --- [    Test worker] org.hibernate.type.BasicTypeRegistry     : Adding type registration image -> org.hibernate.type.ImageType@368424db
2022-02-18 19:51:58.049 DEBUG 13040 --- [    Test worker] org.hibernate.type.BasicTypeRegistry     : Adding type registration characters -> org.hibernate.type.CharArrayType@4243341e
2022-02-18 19:51:58.049 DEBUG 13040 --- [    Test worker] org.hibernate.type.BasicTypeRegistry     : Adding type registration char[] -> org.hibernate.type.CharArrayType@4243341e
2022-02-18 19:51:58.049 DEBUG 13040 --- [    Test worker] org.hibernate.type.BasicTypeRegistry     : Adding type registration [C -> org.hibernate.type.CharArrayType@4243341e
2022-02-18 19:51:58.053 DEBUG 13040 --- [    Test worker] org.hibernate.type.BasicTypeRegistry     : Adding type registration wrapper-characters -> org.hibernate.type.CharacterArrayType@3b021664
2022-02-18 19:51:58.053 DEBUG 13040 --- [    Test worker] org.hibernate.type.BasicTypeRegistry     : Adding type registration [Ljava.lang.Character; -> org.hibernate.type.CharacterArrayType@3b021664
2022-02-18 19:51:58.054 DEBUG 13040 --- [    Test worker] org.hibernate.type.BasicTypeRegistry     : Adding type registration Character[] -> org.hibernate.type.CharacterArrayType@3b021664
2022-02-18 19:51:58.055 DEBUG 13040 --- [    Test worker] org.hibernate.type.BasicTypeRegistry     : Adding type registration text -> org.hibernate.type.TextType@793cef95
2022-02-18 19:51:58.057 DEBUG 13040 --- [    Test worker] org.hibernate.type.BasicTypeRegistry     : Adding type registration ntext -> org.hibernate.type.NTextType@79f1e22e
2022-02-18 19:51:58.062 DEBUG 13040 --- [    Test worker] org.hibernate.type.BasicTypeRegistry     : Adding type registration blob -> org.hibernate.type.BlobType@49631cfb
2022-02-18 19:51:58.063 DEBUG 13040 --- [    Test worker] org.hibernate.type.BasicTypeRegistry     : Adding type registration java.sql.Blob -> org.hibernate.type.BlobType@49631cfb
2022-02-18 19:51:58.065 DEBUG 13040 --- [    Test worker] org.hibernate.type.BasicTypeRegistry     : Adding type registration materialized_blob -> org.hibernate.type.MaterializedBlobType@612af486
2022-02-18 19:51:58.070 DEBUG 13040 --- [    Test worker] org.hibernate.type.BasicTypeRegistry     : Adding type registration clob -> org.hibernate.type.ClobType@3d1c52f5
2022-02-18 19:51:58.070 DEBUG 13040 --- [    Test worker] org.hibernate.type.BasicTypeRegistry     : Adding type registration java.sql.Clob -> org.hibernate.type.ClobType@3d1c52f5
2022-02-18 19:51:58.077 DEBUG 13040 --- [    Test worker] org.hibernate.type.BasicTypeRegistry     : Adding type registration nclob -> org.hibernate.type.NClobType@33a47707
2022-02-18 19:51:58.077 DEBUG 13040 --- [    Test worker] org.hibernate.type.BasicTypeRegistry     : Adding type registration java.sql.NClob -> org.hibernate.type.NClobType@33a47707
2022-02-18 19:51:58.079 DEBUG 13040 --- [    Test worker] org.hibernate.type.BasicTypeRegistry     : Adding type registration materialized_clob -> org.hibernate.type.MaterializedClobType@4abbe41c
2022-02-18 19:51:58.081 DEBUG 13040 --- [    Test worker] org.hibernate.type.BasicTypeRegistry     : Adding type registration materialized_nclob -> org.hibernate.type.MaterializedNClobType@1f45db49
2022-02-18 19:51:58.086 DEBUG 13040 --- [    Test worker] org.hibernate.type.BasicTypeRegistry     : Adding type registration serializable -> org.hibernate.type.SerializableType@2fc7fa6e
2022-02-18 19:51:58.100 DEBUG 13040 --- [    Test worker] org.hibernate.type.BasicTypeRegistry     : Adding type registration object -> org.hibernate.type.ObjectType@5df92089
2022-02-18 19:51:58.100 DEBUG 13040 --- [    Test worker] org.hibernate.type.BasicTypeRegistry     : Adding type registration java.lang.Object -> org.hibernate.type.ObjectType@5df92089
2022-02-18 19:51:58.102 DEBUG 13040 --- [    Test worker] org.hibernate.type.BasicTypeRegistry     : Adding type registration imm_date -> org.hibernate.type.AdaptedImmutableType@1b475663
2022-02-18 19:51:58.103 DEBUG 13040 --- [    Test worker] org.hibernate.type.BasicTypeRegistry     : Adding type registration imm_time -> org.hibernate.type.AdaptedImmutableType@1669931a
2022-02-18 19:51:58.103 DEBUG 13040 --- [    Test worker] org.hibernate.type.BasicTypeRegistry     : Adding type registration imm_timestamp -> org.hibernate.type.AdaptedImmutableType@6b24ddd7
2022-02-18 19:51:58.103 DEBUG 13040 --- [    Test worker] org.hibernate.type.BasicTypeRegistry     : Adding type registration imm_dbtimestamp -> org.hibernate.type.AdaptedImmutableType@12e007be
2022-02-18 19:51:58.104 DEBUG 13040 --- [    Test worker] org.hibernate.type.BasicTypeRegistry     : Adding type registration imm_calendar -> org.hibernate.type.AdaptedImmutableType@3335afcf
2022-02-18 19:51:58.104 DEBUG 13040 --- [    Test worker] org.hibernate.type.BasicTypeRegistry     : Adding type registration imm_calendar_date -> org.hibernate.type.AdaptedImmutableType@699e0bf0
2022-02-18 19:51:58.104 DEBUG 13040 --- [    Test worker] org.hibernate.type.BasicTypeRegistry     : Adding type registration imm_binary -> org.hibernate.type.AdaptedImmutableType@2499b971
2022-02-18 19:51:58.105 DEBUG 13040 --- [    Test worker] org.hibernate.type.BasicTypeRegistry     : Adding type registration imm_serializable -> org.hibernate.type.AdaptedImmutableType@36d697ab
2022-02-18 19:51:58.248  INFO 13040 --- [    Test worker] com.zaxxer.hikari.HikariDataSource       : HikariPool-1 - Starting...
2022-02-18 19:51:58.475  INFO 13040 --- [    Test worker] com.zaxxer.hikari.HikariDataSource       : HikariPool-1 - Start completed.
2022-02-18 19:51:58.593  INFO 13040 --- [    Test worker] org.hibernate.dialect.Dialect            : HHH000400: Using dialect: org.hibernate.dialect.H2Dialect
2022-02-18 19:51:58.764 DEBUG 13040 --- [    Test worker] o.h.type.spi.TypeConfiguration$Scope     : Scoping TypeConfiguration [org.hibernate.type.spi.TypeConfiguration@350567f1] to MetadataBuildingContext [org.hibernate.boot.internal.MetadataBuildingContextRootImpl@1a5b7394]
2022-02-18 19:51:59.348 DEBUG 13040 --- [    Test worker] o.h.type.spi.TypeConfiguration$Scope     : Scoping TypeConfiguration [org.hibernate.type.spi.TypeConfiguration@350567f1] to SessionFactoryImpl [org.hibernate.internal.SessionFactoryImpl@7b9c2387]
2022-02-18 19:52:00.135 DEBUG 13040 --- [    Test worker] org.hibernate.SQL                        : 
    
    drop table if exists board CASCADE 
2022-02-18 19:52:00.143  INFO 13040 --- [    Test worker] p6spy                                    : #1645181520143 | took 3ms | statement | connection 1| url jdbc:h2:tcp://localhost/~/jpashop

    drop table if exists board CASCADE 

    drop table if exists board CASCADE ;
2022-02-18 19:52:00.144 DEBUG 13040 --- [    Test worker] org.hibernate.SQL                        : 
    
    drop table if exists post CASCADE 
2022-02-18 19:52:00.145  INFO 13040 --- [    Test worker] p6spy                                    : #1645181520145 | took 0ms | statement | connection 1| url jdbc:h2:tcp://localhost/~/jpashop

    drop table if exists post CASCADE 

    drop table if exists post CASCADE ;
2022-02-18 19:52:00.145 DEBUG 13040 --- [    Test worker] org.hibernate.SQL                        : 
    
    drop sequence if exists hibernate_sequence
2022-02-18 19:52:00.149  INFO 13040 --- [    Test worker] p6spy                                    : #1645181520149 | took 3ms | statement | connection 1| url jdbc:h2:tcp://localhost/~/jpashop

    drop sequence if exists hibernate_sequence

    drop sequence if exists hibernate_sequence;
2022-02-18 19:52:00.153 DEBUG 13040 --- [    Test worker] org.hibernate.SQL                        : create sequence hibernate_sequence start with 1 increment by 1
2022-02-18 19:52:00.154  INFO 13040 --- [    Test worker] p6spy                                    : #1645181520154 | took 1ms | statement | connection 2| url jdbc:h2:tcp://localhost/~/jpashop
create sequence hibernate_sequence start with 1 increment by 1
create sequence hibernate_sequence start with 1 increment by 1;
2022-02-18 19:52:00.155 DEBUG 13040 --- [    Test worker] org.hibernate.SQL                        : 
    
    create table board (
       board_id bigint not null,
        content varchar(255),
        pw varchar(255),
        title varchar(255),
        writer varchar(255),
        post_id bigint,
        primary key (board_id)
    )
2022-02-18 19:52:00.161  INFO 13040 --- [    Test worker] p6spy                                    : #1645181520161 | took 5ms | statement | connection 2| url jdbc:h2:tcp://localhost/~/jpashop

    create table board (
       board_id bigint not null,
        content varchar(255),
        pw varchar(255),
        title varchar(255),
        writer varchar(255),
        post_id bigint,
        primary key (board_id)
    )

    create table board (
       board_id bigint not null,
        content varchar(255),
        pw varchar(255),
        title varchar(255),
        writer varchar(255),
        post_id bigint,
        primary key (board_id)
    );
2022-02-18 19:52:00.162 DEBUG 13040 --- [    Test worker] org.hibernate.SQL                        : 
    
    create table post (
       post_id bigint not null,
        name varchar(255),
        primary key (post_id)
    )
2022-02-18 19:52:00.164  INFO 13040 --- [    Test worker] p6spy                                    : #1645181520164 | took 1ms | statement | connection 2| url jdbc:h2:tcp://localhost/~/jpashop

    create table post (
       post_id bigint not null,
        name varchar(255),
        primary key (post_id)
    )

    create table post (
       post_id bigint not null,
        name varchar(255),
        primary key (post_id)
    );
2022-02-18 19:52:00.166 DEBUG 13040 --- [    Test worker] org.hibernate.SQL                        : 
    
    alter table board 
       add constraint FK6b3ofiss3flajritcn40hgfvp 
       foreign key (post_id) 
       references post
2022-02-18 19:52:00.173  INFO 13040 --- [    Test worker] p6spy                                    : #1645181520173 | took 6ms | statement | connection 2| url jdbc:h2:tcp://localhost/~/jpashop

    alter table board 
       add constraint FK6b3ofiss3flajritcn40hgfvp 
       foreign key (post_id) 
       references post

    alter table board 
       add constraint FK6b3ofiss3flajritcn40hgfvp 
       foreign key (post_id) 
       references post;
2022-02-18 19:52:00.178  INFO 13040 --- [    Test worker] o.h.e.t.j.p.i.JtaPlatformInitiator       : HHH000490: Using JtaPlatform implementation: [org.hibernate.engine.transaction.jta.platform.internal.NoJtaPlatform]
2022-02-18 19:52:00.198 TRACE 13040 --- [    Test worker] o.h.type.spi.TypeConfiguration$Scope     : Handling #sessionFactoryCreated from [org.hibernate.internal.SessionFactoryImpl@7b9c2387] for TypeConfiguration
2022-02-18 19:52:00.202  INFO 13040 --- [    Test worker] j.LocalContainerEntityManagerFactoryBean : Initialized JPA EntityManagerFactory for persistence unit 'default'
2022-02-18 19:52:00.898  WARN 13040 --- [    Test worker] JpaBaseConfiguration$JpaWebConfiguration : spring.jpa.open-in-view is enabled by default. Therefore, database queries may be performed during view rendering. Explicitly configure spring.jpa.open-in-view to disable this warning
2022-02-18 19:52:02.599  INFO 13040 --- [    Test worker] d.y.board.service.PostServiceImplTest    : Started PostServiceImplTest in 11.247 seconds (JVM running for 16.757)
2022-02-18 19:52:02.766  INFO 13040 --- [    Test worker] o.s.t.c.transaction.TransactionContext   : Began transaction (1) for test context [DefaultTestContext@3f3c966c testClass = PostServiceImplTest, testInstance = dev.yoon.board.service.PostServiceImplTest@4a3404fa, testMethod = PostServiceImplTest@PostServiceImplTest, testException = [null], mergedContextConfiguration = [WebMergedContextConfiguration@11ee02f8 testClass = PostServiceImplTest, locations = '{}', classes = '{class dev.yoon.board.BoardApplication}', contextInitializerClasses = '[]', activeProfiles = '{}', propertySourceLocations = '{}', propertySourceProperties = '{org.springframework.boot.test.context.SpringBootTestContextBootstrapper=true}', contextCustomizers = set[org.springframework.boot.test.autoconfigure.actuate.metrics.MetricsExportContextCustomizerFactory$DisableMetricExportContextCustomizer@75e91545, org.springframework.boot.test.autoconfigure.properties.PropertyMappingContextCustomizer@0, org.springframework.boot.test.autoconfigure.web.servlet.WebDriverContextCustomizerFactory$Customizer@41813449, org.springframework.boot.test.context.filter.ExcludeFilterContextCustomizer@5b07730f, org.springframework.boot.test.json.DuplicateJsonObjectContextCustomizerFactory$DuplicateJsonObjectContextCustomizer@dcfda20, org.springframework.boot.test.mock.mockito.MockitoContextCustomizer@0, org.springframework.boot.test.web.client.TestRestTemplateContextCustomizer@5bfa8cc5, org.springframework.boot.test.context.SpringBootTestArgs@1, org.springframework.boot.test.context.SpringBootTestWebEnvironment@189cbd7c], resourceBasePath = 'src/main/webapp', contextLoader = 'org.springframework.boot.test.context.SpringBootContextLoader', parent = [null]], attributes = map['org.springframework.test.context.web.ServletTestExecutionListener.activateListener' -> true, 'org.springframework.test.context.web.ServletTestExecutionListener.populatedRequestContextHolder' -> true, 'org.springframework.test.context.web.ServletTestExecutionListener.resetRequestContextHolder' -> true, 'org.springframework.test.context.event.ApplicationEventsTestExecutionListener.recordApplicationEvents' -> false]]; transaction manager [org.springframework.orm.jpa.JpaTransactionManager@5c0f508b]; rollback [false]
2022-02-18 19:52:02.978 DEBUG 13040 --- [    Test worker] org.hibernate.SQL                        : 
    call next value for hibernate_sequence
2022-02-18 19:52:03.002  INFO 13040 --- [    Test worker] p6spy                                    : #1645181523002 | took 13ms | statement | connection 3| url jdbc:h2:tcp://localhost/~/jpashop
call next value for hibernate_sequence
call next value for hibernate_sequence;
2022-02-18 19:52:03.088 DEBUG 13040 --- [    Test worker] org.hibernate.SQL                        : 
    call next value for hibernate_sequence
2022-02-18 19:52:03.090  INFO 13040 --- [    Test worker] p6spy                                    : #1645181523090 | took 0ms | statement | connection 3| url jdbc:h2:tcp://localhost/~/jpashop
call next value for hibernate_sequence
call next value for hibernate_sequence;
1
2
2022-02-18 19:52:03.147 DEBUG 13040 --- [    Test worker] org.hibernate.SQL                        : 
    insert 
    into
        post
        (name, post_id) 
    values
        (?, ?)
2022-02-18 19:52:03.154 TRACE 13040 --- [    Test worker] o.h.type.descriptor.sql.BasicBinder      : binding parameter [1] as [VARCHAR] - [test1]
2022-02-18 19:52:03.156 TRACE 13040 --- [    Test worker] o.h.type.descriptor.sql.BasicBinder      : binding parameter [2] as [BIGINT] - [1]
2022-02-18 19:52:03.158  INFO 13040 --- [    Test worker] p6spy                                    : #1645181523158 | took 0ms | statement | connection 3| url jdbc:h2:tcp://localhost/~/jpashop
insert into post (name, post_id) values (?, ?)
insert into post (name, post_id) values ('test1', 1);
2022-02-18 19:52:03.161 DEBUG 13040 --- [    Test worker] org.hibernate.SQL                        : 
    insert 
    into
        post
        (name, post_id) 
    values
        (?, ?)
2022-02-18 19:52:03.161 TRACE 13040 --- [    Test worker] o.h.type.descriptor.sql.BasicBinder      : binding parameter [1] as [VARCHAR] - [test2]
2022-02-18 19:52:03.162 TRACE 13040 --- [    Test worker] o.h.type.descriptor.sql.BasicBinder      : binding parameter [2] as [BIGINT] - [2]
2022-02-18 19:52:03.162  INFO 13040 --- [    Test worker] p6spy                                    : #1645181523162 | took 0ms | statement | connection 3| url jdbc:h2:tcp://localhost/~/jpashop
insert into post (name, post_id) values (?, ?)
insert into post (name, post_id) values ('test2', 2);
2022-02-18 19:52:03.173  INFO 13040 --- [    Test worker] p6spy                                    : #1645181523173 | took 0ms | commit | connection 3| url jdbc:h2:tcp://localhost/~/jpashop

;
2022-02-18 19:52:03.176  INFO 13040 --- [    Test worker] o.s.t.c.transaction.TransactionContext   : Committed transaction for test: [DefaultTestContext@3f3c966c testClass = PostServiceImplTest, testInstance = dev.yoon.board.service.PostServiceImplTest@4a3404fa, testMethod = PostServiceImplTest@PostServiceImplTest, testException = [null], mergedContextConfiguration = [WebMergedContextConfiguration@11ee02f8 testClass = PostServiceImplTest, locations = '{}', classes = '{class dev.yoon.board.BoardApplication}', contextInitializerClasses = '[]', activeProfiles = '{}', propertySourceLocations = '{}', propertySourceProperties = '{org.springframework.boot.test.context.SpringBootTestContextBootstrapper=true}', contextCustomizers = set[org.springframework.boot.test.autoconfigure.actuate.metrics.MetricsExportContextCustomizerFactory$DisableMetricExportContextCustomizer@75e91545, org.springframework.boot.test.autoconfigure.properties.PropertyMappingContextCustomizer@0, org.springframework.boot.test.autoconfigure.web.servlet.WebDriverContextCustomizerFactory$Customizer@41813449, org.springframework.boot.test.context.filter.ExcludeFilterContextCustomizer@5b07730f, org.springframework.boot.test.json.DuplicateJsonObjectContextCustomizerFactory$DuplicateJsonObjectContextCustomizer@dcfda20, org.springframework.boot.test.mock.mockito.MockitoContextCustomizer@0, org.springframework.boot.test.web.client.TestRestTemplateContextCustomizer@5bfa8cc5, org.springframework.boot.test.context.SpringBootTestArgs@1, org.springframework.boot.test.context.SpringBootTestWebEnvironment@189cbd7c], resourceBasePath = 'src/main/webapp', contextLoader = 'org.springframework.boot.test.context.SpringBootContextLoader', parent = [null]], attributes = map['org.springframework.test.context.web.ServletTestExecutionListener.activateListener' -> true, 'org.springframework.test.context.web.ServletTestExecutionListener.populatedRequestContextHolder' -> true, 'org.springframework.test.context.web.ServletTestExecutionListener.resetRequestContextHolder' -> true, 'org.springframework.test.context.event.ApplicationEventsTestExecutionListener.recordApplicationEvents' -> false]]
]]></system-out>
  <system-err><![CDATA[]]></system-err>
</testsuite>
